This is pdfTeX, Version 3.1415926-2.5-1.40.14 (MiKTeX 2.9) (preloaded format=mptopdf 2014.12.21)  21 DEC 2014 21:31
entering extended mode
**\relax activity_diag.1

("E:\GitHubFinal\MACProtocolSound\praca magisterska\img\activity_diag.1"{C:/Pro
gramData/MiKTeX/2.9/pdftex/config/pdftex.map}) [1] 
Here is how much of TeX's memory you used:
 73 strings out of 496999
 690 string characters out of 3201821
 25583 words of memory out of 3000000
 1784 multiletter control sequences out of 15000+200000
 2163 words of font info for 2 fonts, out of 3000000 for 9000
 0 hyphenation exceptions out of 8191
 10i,3n,7p,126b,225s stack positions out of 5000i,500n,10000p,200000b,50000s
{C:/Program Files (x86)/MiKTe
X 2.9/fonts/enc/dvips/fontname/8r.enc}<C:/Program Files (x86)/MiKTeX 2.9/fonts/
type1/urw/times/utmr8a.pfb>
Output written on activity_diag.pdf (1 page, 14362 bytes).
PDF statistics:
 13 PDF objects out of 1000 (max. 8388607)
 0 named destinations out of 1000 (max. 500000)
 7 words of extra memory for PDF output out of 10000 (max. 10000000)

